2014-12-09 22:12:02.312 Yips.it[47961:7344738] DiskCookieStorage changing policy from 2 to 0, cookie file: file:///Users/oddaskaf/Library/Developer/CoreSimulator/Devices/18B7DDC4-8B9D-49C1-8FB9-A1B313EE0FBA/data/Containers/Data/Application/4FF1ADC6-6092-43E6-904F-35A9058E9157/Library/Cookies/Cookies.binarycookies
2014-12-09 22:12:02.564 Yips.it[47961:7344738] Apache Cordova native platform version 3.7.0 is starting.
2014-12-09 22:12:02.564 Yips.it[47961:7344738] Multi-tasking -> Device: YES, App: YES
2014-12-09 22:12:02.577 Yips.it[47961:7344738] Unlimited access to network resources
2014-12-09 22:12:02.587 Yips.it[47961:7344738] 

Started backup to iCloud! Please be careful.
Your application might be rejected by Apple if you store too much data.
For more information please read "iOS Data Storage Guidelines" at:
https://developer.apple.com/icloud/documentation/data-storage/
To disable web storage backup to iCloud, set the BackupWebStorage preference to "local" in the Cordova config.xml file

2014-12-09 22:12:02.941 Yips.it[47961:7344738] [CDVTimer][keyboard] 0.828981ms
2014-12-09 22:12:02.941 Yips.it[47961:7344738] [CDVTimer][TotalPluginStartup] 0.996053ms
2014-12-09 22:12:03.166 Yips.it[47961:7344738] Resetting plugins due to page load.
2014-12-09 22:12:03.282 Yips.it[47961:7344738] Finished load of: file:///Users/oddaskaf/Library/Developer/CoreSimulator/Devices/18B7DDC4-8B9D-49C1-8FB9-A1B313EE0FBA/data/Containers/Bundle/Application/DBE0335F-3069-4FF1-B38D-847FD58A3436/Yips.it.app/www/index.html
2014-12-09 22:12:03.313 Yips.it[47961:7344738] Received Event: deviceready
2014-12-09 22:17:37.567 Yips.it[47961:7350974] Terminating since there is no system app.
2014-12-09 22:17:57.912 Yips.it[49570:7351919] DiskCookieStorage changing policy from 2 to 0, cookie file: file:///Users/oddaskaf/Library/Developer/CoreSimulator/Devices/18B7DDC4-8B9D-49C1-8FB9-A1B313EE0FBA/data/Containers/Data/Application/FA597843-2F97-4DA1-9608-F38F6FC92AD9/Library/Cookies/Cookies.binarycookies
2014-12-09 22:17:57.990 Yips.it[49570:7351919] Apache Cordova native platform version 3.7.0 is starting.
2014-12-09 22:17:57.990 Yips.it[49570:7351919] Multi-tasking -> Device: YES, App: YES
2014-12-09 22:17:57.991 Yips.it[49570:7351919] Unlimited access to network resources
2014-12-09 22:17:57.993 Yips.it[49570:7351919] 

Started backup to iCloud! Please be careful.
Your application might be rejected by Apple if you store too much data.
For more information please read "iOS Data Storage Guidelines" at:
https://developer.apple.com/icloud/documentation/data-storage/
To disable web storage backup to iCloud, set the BackupWebStorage preference to "local" in the Cordova config.xml file

2014-12-09 22:17:58.170 Yips.it[49570:7351919] [CDVTimer][keyboard] 0.047028ms
2014-12-09 22:17:58.170 Yips.it[49570:7351919] [CDVTimer][TotalPluginStartup] 0.189006ms
2014-12-09 22:17:58.241 Yips.it[49570:7351919] Resetting plugins due to page load.
2014-12-09 22:17:58.285 Yips.it[49570:7351919] Finished load of: file:///Users/oddaskaf/Library/Developer/CoreSimulator/Devices/18B7DDC4-8B9D-49C1-8FB9-A1B313EE0FBA/data/Containers/Bundle/Application/E40D32D0-E48B-452A-A726-3FCFF83C307E/Yips.it.app/www/index.html
2014-12-09 22:17:58.308 Yips.it[49570:7351919] Received Event: deviceready
